0 info it worked if it ends with ok
1 verbose cli [ 'C:\\Program Files\\nodejs\\node.exe',
1 verbose cli   'C:\\Users\\Praneet\\AppData\\Roaming\\npm\\node_modules\\npm\\bin\\npm-cli.js',
1 verbose cli   'install',
1 verbose cli   '--save',
1 verbose cli   'bcrypt' ]
2 info using npm@3.10.2
3 info using node@v6.3.0
4 silly loadCurrentTree Starting
5 silly install loadCurrentTree
6 silly install readLocalPackageData
7 silly fetchPackageMetaData bcrypt
8 silly fetchNamedPackageData bcrypt
9 silly mapToRegistry name bcrypt
10 silly mapToRegistry using default registry
11 silly mapToRegistry registry https://registry.npmjs.org/
12 silly mapToRegistry data Result {
12 silly mapToRegistry   raw: 'bcrypt',
12 silly mapToRegistry   scope: null,
12 silly mapToRegistry   escapedName: 'bcrypt',
12 silly mapToRegistry   name: 'bcrypt',
12 silly mapToRegistry   rawSpec: '',
12 silly mapToRegistry   spec: 'latest',
12 silly mapToRegistry   type: 'tag' }
13 silly mapToRegistry uri https://registry.npmjs.org/bcrypt
14 verbose request uri https://registry.npmjs.org/bcrypt
15 verbose request no auth needed
16 info attempt registry request try #1 at 11:29:54 PM
17 verbose request id a3fc86d083463279
18 verbose etag "3OADUEKZJ79RLBPXPWS21XYEC"
19 http request GET https://registry.npmjs.org/bcrypt
20 http 304 https://registry.npmjs.org/bcrypt
21 verbose headers { date: 'Fri, 08 Jul 2016 17:59:56 GMT',
21 verbose headers   via: '1.1 varnish',
21 verbose headers   'cache-control': 'max-age=300',
21 verbose headers   etag: '"3OADUEKZJ79RLBPXPWS21XYEC"',
21 verbose headers   age: '21',
21 verbose headers   connection: 'keep-alive',
21 verbose headers   'x-served-by': 'cache-sin6926-SIN',
21 verbose headers   'x-cache': 'HIT',
21 verbose headers   'x-cache-hits': '11',
21 verbose headers   'x-timer': 'S1468000796.134999,VS0,VE0',
21 verbose headers   vary: 'Accept-Encoding' }
22 silly get cb [ 304,
22 silly get   { date: 'Fri, 08 Jul 2016 17:59:56 GMT',
22 silly get     via: '1.1 varnish',
22 silly get     'cache-control': 'max-age=300',
22 silly get     etag: '"3OADUEKZJ79RLBPXPWS21XYEC"',
22 silly get     age: '21',
22 silly get     connection: 'keep-alive',
22 silly get     'x-served-by': 'cache-sin6926-SIN',
22 silly get     'x-cache': 'HIT',
22 silly get     'x-cache-hits': '11',
22 silly get     'x-timer': 'S1468000796.134999,VS0,VE0',
22 silly get     vary: 'Accept-Encoding' } ]
23 verbose etag https://registry.npmjs.org/bcrypt from cache
24 verbose get saving bcrypt to C:\Users\Praneet\AppData\Roaming\npm-cache\registry.npmjs.org\bcrypt\.cache.json
25 verbose correctMkdir C:\Users\Praneet\AppData\Roaming\npm-cache correctMkdir not in flight; initializing
26 silly install normalizeTree
27 silly loadCurrentTree Finishing
28 silly loadIdealTree Starting
29 silly install loadIdealTree
30 silly cloneCurrentTree Starting
31 silly install cloneCurrentTreeToIdealTree
32 silly cloneCurrentTree Finishing
33 silly loadShrinkwrap Starting
34 silly install loadShrinkwrap
35 silly loadShrinkwrap Finishing
36 silly loadAllDepsIntoIdealTree Starting
37 silly install loadAllDepsIntoIdealTree
38 silly resolveWithNewModule bcrypt@0.8.7 checking installable status
39 silly cache add args [ 'bcrypt', null ]
40 verbose cache add spec bcrypt
41 silly cache add parsed spec Result {
41 silly cache add   raw: 'bcrypt',
41 silly cache add   scope: null,
41 silly cache add   escapedName: 'bcrypt',
41 silly cache add   name: 'bcrypt',
41 silly cache add   rawSpec: '',
41 silly cache add   spec: 'latest',
41 silly cache add   type: 'tag' }
42 silly addNamed bcrypt@latest
43 verbose addNamed "latest" is being treated as a dist-tag for bcrypt
44 info addNameTag [ 'bcrypt', 'latest' ]
45 silly mapToRegistry name bcrypt
46 silly mapToRegistry using default registry
47 silly mapToRegistry registry https://registry.npmjs.org/
48 silly mapToRegistry data Result {
48 silly mapToRegistry   raw: 'bcrypt',
48 silly mapToRegistry   scope: null,
48 silly mapToRegistry   escapedName: 'bcrypt',
48 silly mapToRegistry   name: 'bcrypt',
48 silly mapToRegistry   rawSpec: '',
48 silly mapToRegistry   spec: 'latest',
48 silly mapToRegistry   type: 'tag' }
49 silly mapToRegistry uri https://registry.npmjs.org/bcrypt
50 verbose addNameTag registry:https://registry.npmjs.org/bcrypt not in flight; fetching
51 verbose get https://registry.npmjs.org/bcrypt not expired, no request
52 silly addNameTag next cb for bcrypt with tag latest
53 silly addNamed bcrypt@0.8.7
54 verbose addNamed "0.8.7" is a plain semver version for bcrypt
55 silly cache afterAdd bcrypt@0.8.7
56 verbose afterAdd C:\Users\Praneet\AppData\Roaming\npm-cache\bcrypt\0.8.7\package\package.json not in flight; writing
57 verbose correctMkdir C:\Users\Praneet\AppData\Roaming\npm-cache correctMkdir not in flight; initializing
58 verbose afterAdd C:\Users\Praneet\AppData\Roaming\npm-cache\bcrypt\0.8.7\package\package.json written
59 silly fetchNamedPackageData bindings
60 silly mapToRegistry name bindings
61 silly mapToRegistry using default registry
62 silly mapToRegistry registry https://registry.npmjs.org/
63 silly mapToRegistry data Result {
63 silly mapToRegistry   raw: 'bindings',
63 silly mapToRegistry   scope: null,
63 silly mapToRegistry   escapedName: 'bindings',
63 silly mapToRegistry   name: 'bindings',
63 silly mapToRegistry   rawSpec: '',
63 silly mapToRegistry   spec: 'latest',
63 silly mapToRegistry   type: 'tag' }
64 silly mapToRegistry uri https://registry.npmjs.org/bindings
65 silly fetchNamedPackageData nan
66 silly mapToRegistry name nan
67 silly mapToRegistry using default registry
68 silly mapToRegistry registry https://registry.npmjs.org/
69 silly mapToRegistry data Result {
69 silly mapToRegistry   raw: 'nan',
69 silly mapToRegistry   scope: null,
69 silly mapToRegistry   escapedName: 'nan',
69 silly mapToRegistry   name: 'nan',
69 silly mapToRegistry   rawSpec: '',
69 silly mapToRegistry   spec: 'latest',
69 silly mapToRegistry   type: 'tag' }
70 silly mapToRegistry uri https://registry.npmjs.org/nan
71 verbose request uri https://registry.npmjs.org/bindings
72 verbose request no auth needed
73 info attempt registry request try #1 at 11:29:54 PM
74 verbose etag "33TX4J3DNTGF7K41ZUV6OA182"
75 http request GET https://registry.npmjs.org/bindings
76 verbose request uri https://registry.npmjs.org/nan
77 verbose request no auth needed
78 info attempt registry request try #1 at 11:29:54 PM
79 verbose etag "12RFHNMU7CS3WJ1892HQLM0NB"
80 http request GET https://registry.npmjs.org/nan
81 http 304 https://registry.npmjs.org/bindings
82 verbose headers { date: 'Fri, 08 Jul 2016 17:59:56 GMT',
82 verbose headers   via: '1.1 varnish',
82 verbose headers   'cache-control': 'max-age=300',
82 verbose headers   etag: '"33TX4J3DNTGF7K41ZUV6OA182"',
82 verbose headers   age: '260',
82 verbose headers   connection: 'keep-alive',
82 verbose headers   'x-served-by': 'cache-sin6926-SIN',
82 verbose headers   'x-cache': 'HIT',
82 verbose headers   'x-cache-hits': '8',
82 verbose headers   'x-timer': 'S1468000796.490960,VS0,VE0',
82 verbose headers   vary: 'Accept-Encoding' }
83 silly get cb [ 304,
83 silly get   { date: 'Fri, 08 Jul 2016 17:59:56 GMT',
83 silly get     via: '1.1 varnish',
83 silly get     'cache-control': 'max-age=300',
83 silly get     etag: '"33TX4J3DNTGF7K41ZUV6OA182"',
83 silly get     age: '260',
83 silly get     connection: 'keep-alive',
83 silly get     'x-served-by': 'cache-sin6926-SIN',
83 silly get     'x-cache': 'HIT',
83 silly get     'x-cache-hits': '8',
83 silly get     'x-timer': 'S1468000796.490960,VS0,VE0',
83 silly get     vary: 'Accept-Encoding' } ]
84 verbose etag https://registry.npmjs.org/bindings from cache
85 verbose get saving bindings to C:\Users\Praneet\AppData\Roaming\npm-cache\registry.npmjs.org\bindings\.cache.json
86 verbose correctMkdir C:\Users\Praneet\AppData\Roaming\npm-cache correctMkdir not in flight; initializing
87 silly resolveWithNewModule bindings@1.2.1 checking installable status
88 silly cache add args [ 'bindings@1.2.1', null ]
89 verbose cache add spec bindings@1.2.1
90 silly cache add parsed spec Result {
90 silly cache add   raw: 'bindings@1.2.1',
90 silly cache add   scope: null,
90 silly cache add   escapedName: 'bindings',
90 silly cache add   name: 'bindings',
90 silly cache add   rawSpec: '1.2.1',
90 silly cache add   spec: '1.2.1',
90 silly cache add   type: 'version' }
91 silly addNamed bindings@1.2.1
92 verbose addNamed "1.2.1" is a plain semver version for bindings
93 silly mapToRegistry name bindings
94 silly mapToRegistry using default registry
95 silly mapToRegistry registry https://registry.npmjs.org/
96 silly mapToRegistry data Result {
96 silly mapToRegistry   raw: 'bindings',
96 silly mapToRegistry   scope: null,
96 silly mapToRegistry   escapedName: 'bindings',
96 silly mapToRegistry   name: 'bindings',
96 silly mapToRegistry   rawSpec: '',
96 silly mapToRegistry   spec: 'latest',
96 silly mapToRegistry   type: 'tag' }
97 silly mapToRegistry uri https://registry.npmjs.org/bindings
98 verbose addNameVersion registry:https://registry.npmjs.org/bindings not in flight; fetching
99 verbose get https://registry.npmjs.org/bindings not expired, no request
100 silly cache afterAdd bindings@1.2.1
101 verbose afterAdd C:\Users\Praneet\AppData\Roaming\npm-cache\bindings\1.2.1\package\package.json not in flight; writing
102 verbose correctMkdir C:\Users\Praneet\AppData\Roaming\npm-cache correctMkdir not in flight; initializing
103 verbose afterAdd C:\Users\Praneet\AppData\Roaming\npm-cache\bindings\1.2.1\package\package.json written
104 http 304 https://registry.npmjs.org/nan
105 verbose headers { date: 'Fri, 08 Jul 2016 17:59:56 GMT',
105 verbose headers   via: '1.1 varnish',
105 verbose headers   'cache-control': 'max-age=300',
105 verbose headers   etag: '"12RFHNMU7CS3WJ1892HQLM0NB"',
105 verbose headers   age: '122',
105 verbose headers   connection: 'keep-alive',
105 verbose headers   'x-served-by': 'cache-sin6924-SIN',
105 verbose headers   'x-cache': 'HIT',
105 verbose headers   'x-cache-hits': '11',
105 verbose headers   'x-timer': 'S1468000796.710119,VS0,VE0',
105 verbose headers   vary: 'Accept-Encoding' }
106 silly get cb [ 304,
106 silly get   { date: 'Fri, 08 Jul 2016 17:59:56 GMT',
106 silly get     via: '1.1 varnish',
106 silly get     'cache-control': 'max-age=300',
106 silly get     etag: '"12RFHNMU7CS3WJ1892HQLM0NB"',
106 silly get     age: '122',
106 silly get     connection: 'keep-alive',
106 silly get     'x-served-by': 'cache-sin6924-SIN',
106 silly get     'x-cache': 'HIT',
106 silly get     'x-cache-hits': '11',
106 silly get     'x-timer': 'S1468000796.710119,VS0,VE0',
106 silly get     vary: 'Accept-Encoding' } ]
107 verbose etag https://registry.npmjs.org/nan from cache
108 verbose get saving nan to C:\Users\Praneet\AppData\Roaming\npm-cache\registry.npmjs.org\nan\.cache.json
109 verbose correctMkdir C:\Users\Praneet\AppData\Roaming\npm-cache correctMkdir not in flight; initializing
110 silly resolveWithNewModule nan@2.3.5 checking installable status
111 silly cache add args [ 'nan@2.3.5', null ]
112 verbose cache add spec nan@2.3.5
113 silly cache add parsed spec Result {
113 silly cache add   raw: 'nan@2.3.5',
113 silly cache add   scope: null,
113 silly cache add   escapedName: 'nan',
113 silly cache add   name: 'nan',
113 silly cache add   rawSpec: '2.3.5',
113 silly cache add   spec: '2.3.5',
113 silly cache add   type: 'version' }
114 silly addNamed nan@2.3.5
115 verbose addNamed "2.3.5" is a plain semver version for nan
116 silly mapToRegistry name nan
117 silly mapToRegistry using default registry
118 silly mapToRegistry registry https://registry.npmjs.org/
119 silly mapToRegistry data Result {
119 silly mapToRegistry   raw: 'nan',
119 silly mapToRegistry   scope: null,
119 silly mapToRegistry   escapedName: 'nan',
119 silly mapToRegistry   name: 'nan',
119 silly mapToRegistry   rawSpec: '',
119 silly mapToRegistry   spec: 'latest',
119 silly mapToRegistry   type: 'tag' }
120 silly mapToRegistry uri https://registry.npmjs.org/nan
121 verbose addNameVersion registry:https://registry.npmjs.org/nan not in flight; fetching
122 verbose get https://registry.npmjs.org/nan not expired, no request
123 silly cache afterAdd nan@2.3.5
124 verbose afterAdd C:\Users\Praneet\AppData\Roaming\npm-cache\nan\2.3.5\package\package.json not in flight; writing
125 verbose correctMkdir C:\Users\Praneet\AppData\Roaming\npm-cache correctMkdir not in flight; initializing
126 verbose afterAdd C:\Users\Praneet\AppData\Roaming\npm-cache\nan\2.3.5\package\package.json written
127 silly fetchNamedPackageData readable-stream
128 silly mapToRegistry name readable-stream
129 silly mapToRegistry using default registry
130 silly mapToRegistry registry https://registry.npmjs.org/
131 silly mapToRegistry data Result {
131 silly mapToRegistry   raw: 'readable-stream',
131 silly mapToRegistry   scope: null,
131 silly mapToRegistry   escapedName: 'readable-stream',
131 silly mapToRegistry   name: 'readable-stream',
131 silly mapToRegistry   rawSpec: '',
131 silly mapToRegistry   spec: 'latest',
131 silly mapToRegistry   type: 'tag' }
132 silly mapToRegistry uri https://registry.npmjs.org/readable-stream
133 verbose request uri https://registry.npmjs.org/readable-stream
134 verbose request no auth needed
135 info attempt registry request try #1 at 11:29:55 PM
136 verbose etag "E9VURFQDJSVN7SKYIIMYUOYYK"
137 http request GET https://registry.npmjs.org/readable-stream
138 http 304 https://registry.npmjs.org/readable-stream
139 verbose headers { date: 'Fri, 08 Jul 2016 17:59:56 GMT',
139 verbose headers   via: '1.1 varnish',
139 verbose headers   'cache-control': 'max-age=300',
139 verbose headers   etag: '"E9VURFQDJSVN7SKYIIMYUOYYK"',
139 verbose headers   age: '74',
139 verbose headers   connection: 'keep-alive',
139 verbose headers   'x-served-by': 'cache-sin6926-SIN',
139 verbose headers   'x-cache': 'HIT',
139 verbose headers   'x-cache-hits': '1924',
139 verbose headers   'x-timer': 'S1468000796.906355,VS0,VE0',
139 verbose headers   vary: 'Accept-Encoding' }
140 silly get cb [ 304,
140 silly get   { date: 'Fri, 08 Jul 2016 17:59:56 GMT',
140 silly get     via: '1.1 varnish',
140 silly get     'cache-control': 'max-age=300',
140 silly get     etag: '"E9VURFQDJSVN7SKYIIMYUOYYK"',
140 silly get     age: '74',
140 silly get     connection: 'keep-alive',
140 silly get     'x-served-by': 'cache-sin6926-SIN',
140 silly get     'x-cache': 'HIT',
140 silly get     'x-cache-hits': '1924',
140 silly get     'x-timer': 'S1468000796.906355,VS0,VE0',
140 silly get     vary: 'Accept-Encoding' } ]
141 verbose etag https://registry.npmjs.org/readable-stream from cache
142 verbose get saving readable-stream to C:\Users\Praneet\AppData\Roaming\npm-cache\registry.npmjs.org\readable-stream\.cache.json
143 verbose correctMkdir C:\Users\Praneet\AppData\Roaming\npm-cache correctMkdir not in flight; initializing
144 silly resolveWithNewModule readable-stream@2.1.4 checking installable status
145 silly cache add args [ 'readable-stream@latest', null ]
146 verbose cache add spec readable-stream@latest
147 silly cache add parsed spec Result {
147 silly cache add   raw: 'readable-stream@latest',
147 silly cache add   scope: null,
147 silly cache add   escapedName: 'readable-stream',
147 silly cache add   name: 'readable-stream',
147 silly cache add   rawSpec: 'latest',
147 silly cache add   spec: 'latest',
147 silly cache add   type: 'tag' }
148 silly addNamed readable-stream@latest
149 verbose addNamed "latest" is being treated as a dist-tag for readable-stream
150 info addNameTag [ 'readable-stream', 'latest' ]
151 silly mapToRegistry name readable-stream
152 silly mapToRegistry using default registry
153 silly mapToRegistry registry https://registry.npmjs.org/
154 silly mapToRegistry data Result {
154 silly mapToRegistry   raw: 'readable-stream',
154 silly mapToRegistry   scope: null,
154 silly mapToRegistry   escapedName: 'readable-stream',
154 silly mapToRegistry   name: 'readable-stream',
154 silly mapToRegistry   rawSpec: '',
154 silly mapToRegistry   spec: 'latest',
154 silly mapToRegistry   type: 'tag' }
155 silly mapToRegistry uri https://registry.npmjs.org/readable-stream
156 verbose addNameTag registry:https://registry.npmjs.org/readable-stream not in flight; fetching
157 verbose get https://registry.npmjs.org/readable-stream not expired, no request
158 silly addNameTag next cb for readable-stream with tag latest
159 silly addNamed readable-stream@2.1.4
160 verbose addNamed "2.1.4" is a plain semver version for readable-stream
161 silly cache afterAdd readable-stream@2.1.4
162 verbose afterAdd C:\Users\Praneet\AppData\Roaming\npm-cache\readable-stream\2.1.4\package\package.json not in flight; writing
163 verbose correctMkdir C:\Users\Praneet\AppData\Roaming\npm-cache correctMkdir not in flight; initializing
164 verbose afterAdd C:\Users\Praneet\AppData\Roaming\npm-cache\readable-stream\2.1.4\package\package.json written
165 silly fetchNamedPackageData readable-stream
166 silly mapToRegistry name readable-stream
167 silly mapToRegistry using default registry
168 silly mapToRegistry registry https://registry.npmjs.org/
169 silly mapToRegistry data Result {
169 silly mapToRegistry   raw: 'readable-stream',
169 silly mapToRegistry   scope: null,
169 silly mapToRegistry   escapedName: 'readable-stream',
169 silly mapToRegistry   name: 'readable-stream',
169 silly mapToRegistry   rawSpec: '',
169 silly mapToRegistry   spec: 'latest',
169 silly mapToRegistry   type: 'tag' }
170 silly mapToRegistry uri https://registry.npmjs.org/readable-stream
171 silly loadAllDepsIntoIdealTree Finishing
172 silly loadIdealTree Finishing
173 silly currentTree start@0.0.0
173 silly currentTree +-- abab@1.0.3
173 silly currentTree +-- acorn-globals@1.0.9
173 silly currentTree +-- acorn@2.7.0
173 silly currentTree +-- amdefine@1.0.0
173 silly currentTree +-- ansi-regex@2.0.0
173 silly currentTree +-- ansi-styles@2.2.1
173 silly currentTree +-- array-equal@1.0.0
173 silly currentTree +-- asn1@0.2.3
173 silly currentTree +-- assert-plus@0.2.0
173 silly currentTree +-- async@1.5.2
173 silly currentTree +-- aws-sign2@0.6.0
173 silly currentTree +-- aws4@1.4.1
173 silly currentTree +-- bcryptjs@2.3.0
173 silly currentTree +-- bl@1.1.2
173 silly currentTree +-- body-parser@1.15.2
173 silly currentTree | +-- bytes@2.4.0
173 silly currentTree | +-- content-type@1.0.2
173 silly currentTree | +-- depd@1.1.0
173 silly currentTree | +-- http-errors@1.5.0
173 silly currentTree | | +-- inherits@2.0.1
173 silly currentTree | | +-- setprototypeof@1.0.1
173 silly currentTree | | `-- statuses@1.3.0
173 silly currentTree | +-- iconv-lite@0.4.13
173 silly currentTree | +-- on-finished@2.3.0
173 silly currentTree | | `-- ee-first@1.1.1
173 silly currentTree | +-- qs@6.2.0
173 silly currentTree | +-- raw-body@2.1.7
173 silly currentTree | | `-- unpipe@1.0.0
173 silly currentTree | `-- type-is@1.6.13
173 silly currentTree |   +-- media-typer@0.3.0
173 silly currentTree |   `-- mime-types@2.1.11
173 silly currentTree |     `-- mime-db@1.23.0
173 silly currentTree +-- boom@2.10.1
173 silly currentTree +-- buffer-shims@1.0.0
173 silly currentTree +-- caseless@0.11.0
173 silly currentTree +-- chalk@1.1.3
173 silly currentTree +-- combined-stream@1.0.5
173 silly currentTree +-- commander@2.9.0
173 silly currentTree +-- connect-flash@0.1.1
173 silly currentTree +-- connect-mongo@0.4.2
173 silly currentTree | `-- mongodb@1.4.40
173 silly currentTree |   +-- bson@0.2.22
173 silly currentTree |   | `-- nan@1.8.4
173 silly currentTree |   +-- kerberos@0.0.11
173 silly currentTree |   | `-- nan@1.8.4
173 silly currentTree |   `-- readable-stream@2.1.4
173 silly currentTree +-- connect-mongodb-session@1.1.1
173 silly currentTree | `-- mongodb@2.1.18
173 silly currentTree |   +-- es6-promise@3.0.2
173 silly currentTree |   +-- mongodb-core@1.3.18
173 silly currentTree |   | +-- bson@0.4.23
173 silly currentTree |   | `-- require_optional@1.0.0
173 silly currentTree |   |   +-- resolve-from@2.0.0
173 silly currentTree |   |   `-- semver@5.1.1
173 silly currentTree |   `-- readable-stream@1.0.31
173 silly currentTree |     +-- core-util-is@1.0.2
173 silly currentTree |     +-- inherits@2.0.1
173 silly currentTree |     +-- isarray@0.0.1
173 silly currentTree |     `-- string_decoder@0.10.31
173 silly currentTree +-- connect-mongostore@0.1.4
173 silly currentTree | +-- lodash@2.4.2
173 silly currentTree | `-- mongodb@1.4.40
173 silly currentTree |   +-- bson@0.2.22
173 silly currentTree |   | `-- nan@1.8.4
173 silly currentTree |   +-- kerberos@0.0.11
173 silly currentTree |   | `-- nan@1.8.4
173 silly currentTree |   `-- readable-stream@2.1.4
173 silly currentTree +-- cookie-parser@1.4.3
173 silly currentTree | +-- cookie-signature@1.0.6
173 silly currentTree | `-- cookie@0.3.1
173 silly currentTree +-- core-util-is@1.0.2
173 silly currentTree +-- cryptiles@2.0.5
173 silly currentTree +-- cssom@0.3.1
173 silly currentTree +-- cssstyle@0.2.36
173 silly currentTree +-- dashdash@1.14.0
173 silly currentTree | `-- assert-plus@1.0.0
173 silly currentTree +-- debug@2.2.0
173 silly currentTree | `-- ms@0.7.1
173 silly currentTree +-- deep-is@0.1.3
173 silly currentTree +-- delayed-stream@1.0.0
173 silly currentTree +-- ecc-jsbn@0.1.1
173 silly currentTree +-- ejs@2.4.2
173 silly currentTree +-- escape-string-regexp@1.0.5
173 silly currentTree +-- escodegen@1.8.0
173 silly currentTree +-- esprima@2.7.2
173 silly currentTree +-- estraverse@1.9.3
173 silly currentTree +-- esutils@2.0.2
173 silly currentTree +-- express-generator@4.13.4
173 silly currentTree | +-- commander@2.7.1
173 silly currentTree | | `-- graceful-readlink@1.0.1
173 silly currentTree | +-- mkdirp@0.5.1
173 silly currentTree | | `-- minimist@0.0.8
173 silly currentTree | `-- sorted-object@2.0.0
173 silly currentTree +-- express-session@1.13.0
173 silly currentTree | +-- cookie-signature@1.0.6
173 silly currentTree | +-- cookie@0.2.3
173 silly currentTree | +-- crc@3.4.0
173 silly currentTree | +-- depd@1.1.0
173 silly currentTree | +-- on-headers@1.0.1
173 silly currentTree | +-- parseurl@1.3.1
173 silly currentTree | +-- uid-safe@2.0.0
173 silly currentTree | | `-- base64-url@1.2.1
173 silly currentTree | `-- utils-merge@1.0.0
173 silly currentTree +-- express@4.13.4
173 silly currentTree | +-- accepts@1.2.13
173 silly currentTree | | +-- mime-types@2.1.11
173 silly currentTree | | | `-- mime-db@1.23.0
173 silly currentTree | | `-- negotiator@0.5.3
173 silly currentTree | +-- array-flatten@1.1.1
173 silly currentTree | +-- content-disposition@0.5.1
173 silly currentTree | +-- content-type@1.0.2
173 silly currentTree | +-- cookie-signature@1.0.6
173 silly currentTree | +-- cookie@0.1.5
173 silly currentTree | +-- depd@1.1.0
173 silly currentTree | +-- escape-html@1.0.3
173 silly currentTree | +-- etag@1.7.0
173 silly currentTree | +-- finalhandler@0.4.1
173 silly currentTree | | `-- unpipe@1.0.0
173 silly currentTree | +-- fresh@0.3.0
173 silly currentTree | +-- merge-descriptors@1.0.1
173 silly currentTree | +-- methods@1.1.2
173 silly currentTree | +-- on-finished@2.3.0
173 silly currentTree | | `-- ee-first@1.1.1
173 silly currentTree | +-- parseurl@1.3.1
173 silly currentTree | +-- path-to-regexp@0.1.7
173 silly currentTree | +-- proxy-addr@1.0.10
173 silly currentTree | | +-- forwarded@0.1.0
173 silly currentTree | | `-- ipaddr.js@1.0.5
173 silly currentTree | +-- qs@4.0.0
173 silly currentTree | +-- range-parser@1.0.3
173 silly currentTree | +-- send@0.13.1
173 silly currentTree | | +-- destroy@1.0.4
173 silly currentTree | | +-- http-errors@1.3.1
173 silly currentTree | | | `-- inherits@2.0.1
173 silly currentTree | | +-- mime@1.3.4
173 silly currentTree | | +-- ms@0.7.1
173 silly currentTree | | `-- statuses@1.2.1
173 silly currentTree | +-- serve-static@1.10.3
173 silly currentTree | | `-- send@0.13.2
173 silly currentTree | |   +-- destroy@1.0.4
173 silly currentTree | |   +-- http-errors@1.3.1
173 silly currentTree | |   | `-- inherits@2.0.1
173 silly currentTree | |   +-- mime@1.3.4
173 silly currentTree | |   +-- ms@0.7.1
173 silly currentTree | |   `-- statuses@1.2.1
173 silly currentTree | +-- type-is@1.6.13
173 silly currentTree | | +-- media-typer@0.3.0
173 silly currentTree | | `-- mime-types@2.1.11
173 silly currentTree | |   `-- mime-db@1.23.0
173 silly currentTree | +-- utils-merge@1.0.0
173 silly currentTree | `-- vary@1.0.1
173 silly currentTree +-- extend@3.0.0
173 silly currentTree +-- extsprintf@1.0.2
173 silly currentTree +-- fast-levenshtein@1.1.3
173 silly currentTree +-- forever-agent@0.6.1
173 silly currentTree +-- form-data@1.0.0-rc4
173 silly currentTree +-- generate-function@2.0.0
173 silly currentTree +-- generate-object-property@1.2.0
173 silly currentTree +-- getpass@0.1.6
173 silly currentTree | `-- assert-plus@1.0.0
173 silly currentTree +-- graceful-readlink@1.0.1
173 silly currentTree +-- har-validator@2.0.6
173 silly currentTree +-- has-ansi@2.0.0
173 silly currentTree +-- hawk@3.1.3
173 silly currentTree +-- hoek@2.16.3
173 silly currentTree +-- http-signature@1.1.1
173 silly currentTree +-- iconv-lite@0.4.13
173 silly currentTree +-- inherits@2.0.1
173 silly currentTree +-- is-my-json-valid@2.13.1
173 silly currentTree +-- is-property@1.0.2
173 silly currentTree +-- is-typedarray@1.0.0
173 silly currentTree +-- isarray@1.0.0
173 silly currentTree +-- isstream@0.1.2
173 silly currentTree +-- jodid25519@1.0.2
173 silly currentTree +-- jsbn@0.1.0
173 silly currentTree +-- jsdom@9.3.0
173 silly currentTree +-- json-schema@0.2.2
173 silly currentTree +-- json-stringify-safe@5.0.1
173 silly currentTree +-- jsonpointer@2.0.0
173 silly currentTree +-- jsprim@1.3.0
173 silly currentTree +-- levn@0.3.0
173 silly currentTree +-- mime-db@1.23.0
173 silly currentTree +-- mime-types@2.1.11
173 silly currentTree +-- mongoose@4.5.1
173 silly currentTree | +-- async@1.5.2
173 silly currentTree | +-- bson@0.4.23
173 silly currentTree | +-- hooks-fixed@1.1.0
173 silly currentTree | +-- kareem@1.1.0
173 silly currentTree | +-- mongodb@2.1.18
173 silly currentTree | | +-- es6-promise@3.0.2
173 silly currentTree | | +-- mongodb-core@1.3.18
173 silly currentTree | | | `-- require_optional@1.0.0
173 silly currentTree | | |   +-- resolve-from@2.0.0
173 silly currentTree | | |   `-- semver@5.1.0
173 silly currentTree | | `-- readable-stream@1.0.31
173 silly currentTree | |   +-- core-util-is@1.0.2
173 silly currentTree | |   +-- inherits@2.0.1
173 silly currentTree | |   +-- isarray@0.0.1
173 silly currentTree | |   `-- string_decoder@0.10.31
173 silly currentTree | +-- mpath@0.2.1
173 silly currentTree | +-- mpromise@0.5.5
173 silly currentTree | +-- mquery@1.11.0
173 silly currentTree | | +-- bluebird@2.10.2
173 silly currentTree | | `-- sliced@0.0.5
173 silly currentTree | +-- ms@0.7.1
173 silly currentTree | +-- muri@1.1.0
173 silly currentTree | +-- regexp-clone@0.0.1
173 silly currentTree | `-- sliced@1.0.1
173 silly currentTree +-- morgan@1.7.0
173 silly currentTree | +-- basic-auth@1.0.4
173 silly currentTree | +-- depd@1.1.0
173 silly currentTree | +-- on-finished@2.3.0
173 silly currentTree | | `-- ee-first@1.1.1
173 silly currentTree | `-- on-headers@1.0.1
173 silly currentTree +-- node-uuid@1.4.7
173 silly currentTree +-- nwmatcher@1.3.8
173 silly currentTree +-- oauth-sign@0.8.2
173 silly currentTree +-- optionator@0.8.1
173 silly currentTree +-- parse5@1.5.1
173 silly currentTree +-- pinkie-promise@2.0.1
173 silly currentTree +-- pinkie@2.0.4
173 silly currentTree +-- prelude-ls@1.1.2
173 silly currentTree +-- process-nextick-args@1.0.7
173 silly currentTree +-- qs@6.1.0
173 silly currentTree +-- readable-stream@2.0.6
173 silly currentTree +-- request@2.72.0
173 silly currentTree +-- sax@1.2.1
173 silly currentTree +-- serve-favicon@2.3.0
173 silly currentTree | +-- etag@1.7.0
173 silly currentTree | +-- fresh@0.3.0
173 silly currentTree | +-- ms@0.7.1
173 silly currentTree | `-- parseurl@1.3.1
173 silly currentTree +-- sntp@1.0.9
173 silly currentTree +-- source-map@0.2.0
173 silly currentTree +-- sshpk@1.8.3
173 silly currentTree | `-- assert-plus@1.0.0
173 silly currentTree +-- string_decoder@0.10.31
173 silly currentTree +-- stringstream@0.0.5
173 silly currentTree +-- strip-ansi@3.0.1
173 silly currentTree +-- supports-color@2.0.0
173 silly currentTree +-- symbol-tree@3.1.4
173 silly currentTree +-- tough-cookie@2.2.2
173 silly currentTree +-- tr46@0.0.3
173 silly currentTree +-- tunnel-agent@0.4.3
173 silly currentTree +-- tweetnacl@0.13.3
173 silly currentTree +-- type-check@0.3.2
173 silly currentTree +-- util-deprecate@1.0.2
173 silly currentTree +-- verror@1.3.6
173 silly currentTree +-- webidl-conversions@3.0.1
173 silly currentTree +-- whatwg-url@3.0.0
173 silly currentTree +-- wordwrap@1.0.0
173 silly currentTree +-- xml-name-validator@2.0.1
173 silly currentTree `-- xtend@4.0.1
174 silly idealTree start@0.0.0
174 silly idealTree +-- abab@1.0.3
174 silly idealTree +-- acorn-globals@1.0.9
174 silly idealTree +-- acorn@2.7.0
174 silly idealTree +-- amdefine@1.0.0
174 silly idealTree +-- ansi-regex@2.0.0
174 silly idealTree +-- ansi-styles@2.2.1
174 silly idealTree +-- array-equal@1.0.0
174 silly idealTree +-- asn1@0.2.3
174 silly idealTree +-- assert-plus@0.2.0
174 silly idealTree +-- async@1.5.2
174 silly idealTree +-- aws-sign2@0.6.0
174 silly idealTree +-- aws4@1.4.1
174 silly idealTree +-- bcrypt@0.8.7
174 silly idealTree +-- bcryptjs@2.3.0
174 silly idealTree +-- bindings@1.2.1
174 silly idealTree +-- bl@1.1.2
174 silly idealTree +-- body-parser@1.15.2
174 silly idealTree | +-- bytes@2.4.0
174 silly idealTree | +-- content-type@1.0.2
174 silly idealTree | +-- depd@1.1.0
174 silly idealTree | +-- http-errors@1.5.0
174 silly idealTree | | +-- inherits@2.0.1
174 silly idealTree | | +-- setprototypeof@1.0.1
174 silly idealTree | | `-- statuses@1.3.0
174 silly idealTree | +-- iconv-lite@0.4.13
174 silly idealTree | +-- on-finished@2.3.0
174 silly idealTree | | `-- ee-first@1.1.1
174 silly idealTree | +-- qs@6.2.0
174 silly idealTree | +-- raw-body@2.1.7
174 silly idealTree | | `-- unpipe@1.0.0
174 silly idealTree | `-- type-is@1.6.13
174 silly idealTree |   +-- media-typer@0.3.0
174 silly idealTree |   `-- mime-types@2.1.11
174 silly idealTree |     `-- mime-db@1.23.0
174 silly idealTree +-- boom@2.10.1
174 silly idealTree +-- buffer-shims@1.0.0
174 silly idealTree +-- caseless@0.11.0
174 silly idealTree +-- chalk@1.1.3
174 silly idealTree +-- combined-stream@1.0.5
174 silly idealTree +-- commander@2.9.0
174 silly idealTree +-- connect-flash@0.1.1
174 silly idealTree +-- connect-mongo@0.4.2
174 silly idealTree | `-- mongodb@1.4.40
174 silly idealTree |   +-- bson@0.2.22
174 silly idealTree |   | `-- nan@1.8.4
174 silly idealTree |   +-- kerberos@0.0.11
174 silly idealTree |   | `-- nan@1.8.4
174 silly idealTree |   `-- readable-stream@2.1.4
174 silly idealTree +-- connect-mongodb-session@1.1.1
174 silly idealTree | `-- mongodb@2.1.18
174 silly idealTree |   +-- es6-promise@3.0.2
174 silly idealTree |   +-- mongodb-core@1.3.18
174 silly idealTree |   | +-- bson@0.4.23
174 silly idealTree |   | `-- require_optional@1.0.0
174 silly idealTree |   |   +-- resolve-from@2.0.0
174 silly idealTree |   |   `-- semver@5.1.1
174 silly idealTree |   `-- readable-stream@1.0.31
174 silly idealTree |     +-- core-util-is@1.0.2
174 silly idealTree |     +-- inherits@2.0.1
174 silly idealTree |     +-- isarray@0.0.1
174 silly idealTree |     `-- string_decoder@0.10.31
174 silly idealTree +-- connect-mongostore@0.1.4
174 silly idealTree | +-- lodash@2.4.2
174 silly idealTree | `-- mongodb@1.4.40
174 silly idealTree |   +-- bson@0.2.22
174 silly idealTree |   | `-- nan@1.8.4
174 silly idealTree |   +-- kerberos@0.0.11
174 silly idealTree |   | `-- nan@1.8.4
174 silly idealTree |   `-- readable-stream@2.1.4
174 silly idealTree +-- cookie-parser@1.4.3
174 silly idealTree | +-- cookie-signature@1.0.6
174 silly idealTree | `-- cookie@0.3.1
174 silly idealTree +-- core-util-is@1.0.2
174 silly idealTree +-- cryptiles@2.0.5
174 silly idealTree +-- cssom@0.3.1
174 silly idealTree +-- cssstyle@0.2.36
174 silly idealTree +-- dashdash@1.14.0
174 silly idealTree | `-- assert-plus@1.0.0
174 silly idealTree +-- debug@2.2.0
174 silly idealTree | `-- ms@0.7.1
174 silly idealTree +-- deep-is@0.1.3
174 silly idealTree +-- delayed-stream@1.0.0
174 silly idealTree +-- ecc-jsbn@0.1.1
174 silly idealTree +-- ejs@2.4.2
174 silly idealTree +-- escape-string-regexp@1.0.5
174 silly idealTree +-- escodegen@1.8.0
174 silly idealTree +-- esprima@2.7.2
174 silly idealTree +-- estraverse@1.9.3
174 silly idealTree +-- esutils@2.0.2
174 silly idealTree +-- express-generator@4.13.4
174 silly idealTree | +-- commander@2.7.1
174 silly idealTree | | `-- graceful-readlink@1.0.1
174 silly idealTree | +-- mkdirp@0.5.1
174 silly idealTree | | `-- minimist@0.0.8
174 silly idealTree | `-- sorted-object@2.0.0
174 silly idealTree +-- express-session@1.13.0
174 silly idealTree | +-- cookie-signature@1.0.6
174 silly idealTree | +-- cookie@0.2.3
174 silly idealTree | +-- crc@3.4.0
174 silly idealTree | +-- depd@1.1.0
174 silly idealTree | +-- on-headers@1.0.1
174 silly idealTree | +-- parseurl@1.3.1
174 silly idealTree | +-- uid-safe@2.0.0
174 silly idealTree | | `-- base64-url@1.2.1
174 silly idealTree | `-- utils-merge@1.0.0
174 silly idealTree +-- express@4.13.4
174 silly idealTree | +-- accepts@1.2.13
174 silly idealTree | | +-- mime-types@2.1.11
174 silly idealTree | | | `-- mime-db@1.23.0
174 silly idealTree | | `-- negotiator@0.5.3
174 silly idealTree | +-- array-flatten@1.1.1
174 silly idealTree | +-- content-disposition@0.5.1
174 silly idealTree | +-- content-type@1.0.2
174 silly idealTree | +-- cookie-signature@1.0.6
174 silly idealTree | +-- cookie@0.1.5
174 silly idealTree | +-- depd@1.1.0
174 silly idealTree | +-- escape-html@1.0.3
174 silly idealTree | +-- etag@1.7.0
174 silly idealTree | +-- finalhandler@0.4.1
174 silly idealTree | | `-- unpipe@1.0.0
174 silly idealTree | +-- fresh@0.3.0
174 silly idealTree | +-- merge-descriptors@1.0.1
174 silly idealTree | +-- methods@1.1.2
174 silly idealTree | +-- on-finished@2.3.0
174 silly idealTree | | `-- ee-first@1.1.1
174 silly idealTree | +-- parseurl@1.3.1
174 silly idealTree | +-- path-to-regexp@0.1.7
174 silly idealTree | +-- proxy-addr@1.0.10
174 silly idealTree | | +-- forwarded@0.1.0
174 silly idealTree | | `-- ipaddr.js@1.0.5
174 silly idealTree | +-- qs@4.0.0
174 silly idealTree | +-- range-parser@1.0.3
174 silly idealTree | +-- send@0.13.1
174 silly idealTree | | +-- destroy@1.0.4
174 silly idealTree | | +-- http-errors@1.3.1
174 silly idealTree | | | `-- inherits@2.0.1
174 silly idealTree | | +-- mime@1.3.4
174 silly idealTree | | +-- ms@0.7.1
174 silly idealTree | | `-- statuses@1.2.1
174 silly idealTree | +-- serve-static@1.10.3
174 silly idealTree | | `-- send@0.13.2
174 silly idealTree | |   +-- destroy@1.0.4
174 silly idealTree | |   +-- http-errors@1.3.1
174 silly idealTree | |   | `-- inherits@2.0.1
174 silly idealTree | |   +-- mime@1.3.4
174 silly idealTree | |   +-- ms@0.7.1
174 silly idealTree | |   `-- statuses@1.2.1
174 silly idealTree | +-- type-is@1.6.13
174 silly idealTree | | +-- media-typer@0.3.0
174 silly idealTree | | `-- mime-types@2.1.11
174 silly idealTree | |   `-- mime-db@1.23.0
174 silly idealTree | +-- utils-merge@1.0.0
174 silly idealTree | `-- vary@1.0.1
174 silly idealTree +-- extend@3.0.0
174 silly idealTree +-- extsprintf@1.0.2
174 silly idealTree +-- fast-levenshtein@1.1.3
174 silly idealTree +-- forever-agent@0.6.1
174 silly idealTree +-- form-data@1.0.0-rc4
174 silly idealTree +-- generate-function@2.0.0
174 silly idealTree +-- generate-object-property@1.2.0
174 silly idealTree +-- getpass@0.1.6
174 silly idealTree | `-- assert-plus@1.0.0
174 silly idealTree +-- graceful-readlink@1.0.1
174 silly idealTree +-- har-validator@2.0.6
174 silly idealTree +-- has-ansi@2.0.0
174 silly idealTree +-- hawk@3.1.3
174 silly idealTree +-- hoek@2.16.3
174 silly idealTree +-- http-signature@1.1.1
174 silly idealTree +-- iconv-lite@0.4.13
174 silly idealTree +-- inherits@2.0.1
174 silly idealTree +-- is-my-json-valid@2.13.1
174 silly idealTree +-- is-property@1.0.2
174 silly idealTree +-- is-typedarray@1.0.0
174 silly idealTree +-- isarray@1.0.0
174 silly idealTree +-- isstream@0.1.2
174 silly idealTree +-- jodid25519@1.0.2
174 silly idealTree +-- jsbn@0.1.0
174 silly idealTree +-- jsdom@9.3.0
174 silly idealTree +-- json-schema@0.2.2
174 silly idealTree +-- json-stringify-safe@5.0.1
174 silly idealTree +-- jsonpointer@2.0.0
174 silly idealTree +-- jsprim@1.3.0
174 silly idealTree +-- levn@0.3.0
174 silly idealTree +-- mime-db@1.23.0
174 silly idealTree +-- mime-types@2.1.11
174 silly idealTree +-- mongoose@4.5.1
174 silly idealTree | +-- async@1.5.2
174 silly idealTree | +-- bson@0.4.23
174 silly idealTree | +-- hooks-fixed@1.1.0
174 silly idealTree | +-- kareem@1.1.0
174 silly idealTree | +-- mongodb@2.1.18
174 silly idealTree | | +-- es6-promise@3.0.2
174 silly idealTree | | +-- mongodb-core@1.3.18
174 silly idealTree | | | `-- require_optional@1.0.0
174 silly idealTree | | |   +-- resolve-from@2.0.0
174 silly idealTree | | |   `-- semver@5.1.0
174 silly idealTree | | `-- readable-stream@1.0.31
174 silly idealTree | |   +-- core-util-is@1.0.2
174 silly idealTree | |   +-- inherits@2.0.1
174 silly idealTree | |   +-- isarray@0.0.1
174 silly idealTree | |   `-- string_decoder@0.10.31
174 silly idealTree | +-- mpath@0.2.1
174 silly idealTree | +-- mpromise@0.5.5
174 silly idealTree | +-- mquery@1.11.0
174 silly idealTree | | +-- bluebird@2.10.2
174 silly idealTree | | `-- sliced@0.0.5
174 silly idealTree | +-- ms@0.7.1
174 silly idealTree | +-- muri@1.1.0
174 silly idealTree | +-- regexp-clone@0.0.1
174 silly idealTree | `-- sliced@1.0.1
174 silly idealTree +-- morgan@1.7.0
174 silly idealTree | +-- basic-auth@1.0.4
174 silly idealTree | +-- depd@1.1.0
174 silly idealTree | +-- on-finished@2.3.0
174 silly idealTree | | `-- ee-first@1.1.1
174 silly idealTree | `-- on-headers@1.0.1
174 silly idealTree +-- nan@2.3.5
174 silly idealTree +-- node-uuid@1.4.7
174 silly idealTree +-- nwmatcher@1.3.8
174 silly idealTree +-- oauth-sign@0.8.2
174 silly idealTree +-- optionator@0.8.1
174 silly idealTree +-- parse5@1.5.1
174 silly idealTree +-- pinkie-promise@2.0.1
174 silly idealTree +-- pinkie@2.0.4
174 silly idealTree +-- prelude-ls@1.1.2
174 silly idealTree +-- process-nextick-args@1.0.7
174 silly idealTree +-- qs@6.1.0
174 silly idealTree +-- readable-stream@2.0.6
174 silly idealTree +-- request@2.72.0
174 silly idealTree +-- sax@1.2.1
174 silly idealTree +-- serve-favicon@2.3.0
174 silly idealTree | +-- etag@1.7.0
174 silly idealTree | +-- fresh@0.3.0
174 silly idealTree | +-- ms@0.7.1
174 silly idealTree | `-- parseurl@1.3.1
174 silly idealTree +-- sntp@1.0.9
174 silly idealTree +-- source-map@0.2.0
174 silly idealTree +-- sshpk@1.8.3
174 silly idealTree | `-- assert-plus@1.0.0
174 silly idealTree +-- string_decoder@0.10.31
174 silly idealTree +-- stringstream@0.0.5
174 silly idealTree +-- strip-ansi@3.0.1
174 silly idealTree +-- supports-color@2.0.0
174 silly idealTree +-- symbol-tree@3.1.4
174 silly idealTree +-- tough-cookie@2.2.2
174 silly idealTree +-- tr46@0.0.3
174 silly idealTree +-- tunnel-agent@0.4.3
174 silly idealTree +-- tweetnacl@0.13.3
174 silly idealTree +-- type-check@0.3.2
174 silly idealTree +-- util-deprecate@1.0.2
174 silly idealTree +-- verror@1.3.6
174 silly idealTree +-- webidl-conversions@3.0.1
174 silly idealTree +-- whatwg-url@3.0.0
174 silly idealTree +-- wordwrap@1.0.0
174 silly idealTree +-- xml-name-validator@2.0.1
174 silly idealTree `-- xtend@4.0.1
175 silly generateActionsToTake Starting
176 silly install generateActionsToTake
177 silly generateActionsToTake Finishing
178 silly diffTrees action count 3
179 silly diffTrees add bindings@1.2.1
180 silly diffTrees add nan@2.3.5
181 silly diffTrees add bcrypt@0.8.7
182 silly decomposeActions action count 24
183 silly decomposeActions fetch bindings@1.2.1
184 silly decomposeActions extract bindings@1.2.1
185 silly decomposeActions test bindings@1.2.1
186 silly decomposeActions preinstall bindings@1.2.1
187 silly decomposeActions build bindings@1.2.1
188 silly decomposeActions install bindings@1.2.1
189 silly decomposeActions postinstall bindings@1.2.1
190 silly decomposeActions finalize bindings@1.2.1
191 silly decomposeActions fetch nan@2.3.5
192 silly decomposeActions extract nan@2.3.5
193 silly decomposeActions test nan@2.3.5
194 silly decomposeActions preinstall nan@2.3.5
195 silly decomposeActions build nan@2.3.5
196 silly decomposeActions install nan@2.3.5
197 silly decomposeActions postinstall nan@2.3.5
198 silly decomposeActions finalize nan@2.3.5
199 silly decomposeActions fetch bcrypt@0.8.7
200 silly decomposeActions extract bcrypt@0.8.7
201 silly decomposeActions test bcrypt@0.8.7
202 silly decomposeActions preinstall bcrypt@0.8.7
203 silly decomposeActions build bcrypt@0.8.7
204 silly decomposeActions install bcrypt@0.8.7
205 silly decomposeActions postinstall bcrypt@0.8.7
206 silly decomposeActions finalize bcrypt@0.8.7
207 silly executeActions Starting
208 silly install executeActions
209 silly doSerial global-install 0
210 silly doParallel fetch 3
211 verbose correctMkdir C:\Users\Praneet\AppData\Roaming\npm-cache\_locks correctMkdir not in flight; initializing
212 verbose lock using C:\Users\Praneet\AppData\Roaming\npm-cache\_locks\staging-7ec24fd8f3849390.lock for C:\Users\Praneet\Desktop\Projects\cab-sharing\node_modules\.staging
213 silly doParallel extract 3
214 silly extract bindings@1.2.1
215 silly extract nan@2.3.5
216 silly extract bcrypt@0.8.7
217 verbose unbuild node_modules\.staging\bindings-ce4d464e
218 verbose unbuild node_modules\.staging\nan-00c6d26b
219 verbose unbuild node_modules\.staging\bcrypt-a52d0c3f
220 silly gentlyRm C:\Users\Praneet\Desktop\Projects\cab-sharing\node_modules\.staging\bindings-ce4d464e is being purged from base C:\Users\Praneet\Desktop\Projects\cab-sharing
221 verbose gentlyRm don't care about contents; nuking C:\Users\Praneet\Desktop\Projects\cab-sharing\node_modules\.staging\bindings-ce4d464e
222 silly gentlyRm C:\Users\Praneet\Desktop\Projects\cab-sharing\node_modules\.staging\nan-00c6d26b is being purged from base C:\Users\Praneet\Desktop\Projects\cab-sharing
223 verbose gentlyRm don't care about contents; nuking C:\Users\Praneet\Desktop\Projects\cab-sharing\node_modules\.staging\nan-00c6d26b
224 verbose tar unpack C:\Users\Praneet\AppData\Roaming\npm-cache\bindings\1.2.1\package.tgz
225 verbose tar unpacking to C:\Users\Praneet\Desktop\Projects\cab-sharing\node_modules\.staging\bindings-ce4d464e
226 silly gentlyRm C:\Users\Praneet\Desktop\Projects\cab-sharing\node_modules\.staging\bindings-ce4d464e is being purged
227 verbose gentlyRm don't care about contents; nuking C:\Users\Praneet\Desktop\Projects\cab-sharing\node_modules\.staging\bindings-ce4d464e
228 verbose tar unpack C:\Users\Praneet\AppData\Roaming\npm-cache\nan\2.3.5\package.tgz
229 verbose tar unpacking to C:\Users\Praneet\Desktop\Projects\cab-sharing\node_modules\.staging\nan-00c6d26b
230 silly gentlyRm C:\Users\Praneet\Desktop\Projects\cab-sharing\node_modules\.staging\nan-00c6d26b is being purged
231 verbose gentlyRm don't care about contents; nuking C:\Users\Praneet\Desktop\Projects\cab-sharing\node_modules\.staging\nan-00c6d26b
232 silly gentlyRm C:\Users\Praneet\Desktop\Projects\cab-sharing\node_modules\.staging\bcrypt-a52d0c3f is being purged from base C:\Users\Praneet\Desktop\Projects\cab-sharing
233 verbose gentlyRm don't care about contents; nuking C:\Users\Praneet\Desktop\Projects\cab-sharing\node_modules\.staging\bcrypt-a52d0c3f
234 silly gunzTarPerm modes [ '777', '666' ]
235 silly gunzTarPerm modes [ '777', '666' ]
236 verbose tar unpack C:\Users\Praneet\AppData\Roaming\npm-cache\bcrypt\0.8.7\package.tgz
237 verbose tar unpacking to C:\Users\Praneet\Desktop\Projects\cab-sharing\node_modules\.staging\bcrypt-a52d0c3f
238 silly gentlyRm C:\Users\Praneet\Desktop\Projects\cab-sharing\node_modules\.staging\bcrypt-a52d0c3f is being purged
239 verbose gentlyRm don't care about contents; nuking C:\Users\Praneet\Desktop\Projects\cab-sharing\node_modules\.staging\bcrypt-a52d0c3f
240 silly gunzTarPerm modes [ '777', '666' ]
241 silly gunzTarPerm extractEntry package.json
242 silly gunzTarPerm modified mode [ 'package.json', 420, 438 ]
243 silly gunzTarPerm extractEntry package.json
244 silly gunzTarPerm modified mode [ 'package.json', 436, 438 ]
245 silly gunzTarPerm extractEntry package.json
246 silly gunzTarPerm modified mode [ 'package.json', 420, 438 ]
247 silly gunzTarPerm extractEntry README.md
248 silly gunzTarPerm modified mode [ 'README.md', 420, 438 ]
249 silly gunzTarPerm extractEntry bindings.js
250 silly gunzTarPerm modified mode [ 'bindings.js', 420, 438 ]
251 silly gunzTarPerm extractEntry README.md
252 silly gunzTarPerm modified mode [ 'README.md', 436, 438 ]
253 silly gunzTarPerm extractEntry include_dirs.js
254 silly gunzTarPerm modified mode [ 'include_dirs.js', 436, 438 ]
255 silly gunzTarPerm extractEntry .npmignore
256 silly gunzTarPerm modified mode [ '.npmignore', 420, 438 ]
257 silly gunzTarPerm extractEntry README.md
258 silly gunzTarPerm modified mode [ 'README.md', 420, 438 ]
259 silly gunzTarPerm extractEntry LICENSE
260 silly gunzTarPerm modified mode [ 'LICENSE', 420, 438 ]
261 silly gunzTarPerm extractEntry bcrypt.js
262 silly gunzTarPerm modified mode [ 'bcrypt.js', 420, 438 ]
263 silly gunzTarPerm extractEntry Makefile
264 silly gunzTarPerm modified mode [ 'Makefile', 420, 438 ]
265 silly gunzTarPerm extractEntry .travis.yml
266 silly gunzTarPerm modified mode [ '.travis.yml', 420, 438 ]
267 silly gunzTarPerm extractEntry CHANGELOG.md
268 silly gunzTarPerm modified mode [ 'CHANGELOG.md', 420, 438 ]
269 silly gunzTarPerm extractEntry binding.gyp
270 silly gunzTarPerm modified mode [ 'binding.gyp', 420, 438 ]
271 silly gunzTarPerm extractEntry examples/async_compare.js
272 silly gunzTarPerm modified mode [ 'examples/async_compare.js', 420, 438 ]
273 silly gunzTarPerm extractEntry examples/forever_gen_salt.js
274 silly gunzTarPerm modified mode [ 'examples/forever_gen_salt.js', 420, 438 ]
275 silly gunzTarPerm extractEntry test/async.js
276 silly gunzTarPerm modified mode [ 'test/async.js', 420, 438 ]
277 silly gunzTarPerm extractEntry test/repetitions.js
278 silly gunzTarPerm modified mode [ 'test/repetitions.js', 420, 438 ]
279 silly gunzTarPerm extractEntry test/sync.js
280 silly gunzTarPerm modified mode [ 'test/sync.js', 420, 438 ]
281 silly gunzTarPerm extractEntry ISSUE_TEMPLATE.md
282 silly gunzTarPerm modified mode [ 'ISSUE_TEMPLATE.md', 420, 438 ]
283 silly gunzTarPerm extractEntry src/bcrypt.cc
284 silly gunzTarPerm modified mode [ 'src/bcrypt.cc', 420, 438 ]
285 silly gunzTarPerm extractEntry src/bcrypt_node.cc
286 silly gunzTarPerm modified mode [ 'src/bcrypt_node.cc', 420, 438 ]
287 silly gunzTarPerm extractEntry src/blowfish.cc
288 silly gunzTarPerm modified mode [ 'src/blowfish.cc', 420, 438 ]
289 silly gunzTarPerm extractEntry src/node_blf.h
290 silly gunzTarPerm modified mode [ 'src/node_blf.h', 420, 438 ]
291 silly gunzTarPerm extractEntry werker.yml
292 silly gunzTarPerm modified mode [ 'werker.yml', 420, 438 ]
293 silly gunzTarPerm extractEntry nan_converters.h
294 silly gunzTarPerm modified mode [ 'nan_converters.h', 436, 438 ]
295 silly gunzTarPerm extractEntry LICENSE.md
296 silly gunzTarPerm modified mode [ 'LICENSE.md', 436, 438 ]
297 silly gunzTarPerm extractEntry doc/node_misc.md
298 silly gunzTarPerm modified mode [ 'doc/node_misc.md', 436, 438 ]
299 silly gunzTarPerm extractEntry doc/asyncworker.md
300 silly gunzTarPerm modified mode [ 'doc/asyncworker.md', 436, 438 ]
301 silly gunzTarPerm extractEntry doc/callback.md
302 silly gunzTarPerm modified mode [ 'doc/callback.md', 436, 438 ]
303 silly gunzTarPerm extractEntry doc/converters.md
304 silly gunzTarPerm modified mode [ 'doc/converters.md', 436, 438 ]
305 silly gunzTarPerm extractEntry doc/errors.md
306 silly gunzTarPerm modified mode [ 'doc/errors.md', 436, 438 ]
307 silly gunzTarPerm extractEntry doc/maybe_types.md
308 silly gunzTarPerm modified mode [ 'doc/maybe_types.md', 436, 438 ]
309 silly gunzTarPerm extractEntry doc/methods.md
310 silly gunzTarPerm modified mode [ 'doc/methods.md', 436, 438 ]
311 silly gunzTarPerm extractEntry doc/new.md
312 silly gunzTarPerm modified mode [ 'doc/new.md', 436, 438 ]
313 silly gunzTarPerm extractEntry doc/buffers.md
314 silly gunzTarPerm modified mode [ 'doc/buffers.md', 436, 438 ]
315 silly gunzTarPerm extractEntry doc/object_wrappers.md
316 silly gunzTarPerm modified mode [ 'doc/object_wrappers.md', 436, 438 ]
317 silly gentlyRm C:\Users\Praneet\Desktop\Projects\cab-sharing\node_modules\.staging\bindings-ce4d464e\node_modules is being purged
318 verbose gentlyRm don't care about contents; nuking C:\Users\Praneet\Desktop\Projects\cab-sharing\node_modules\.staging\bindings-ce4d464e\node_modules
319 silly gunzTarPerm extractEntry doc/persistent.md
320 silly gunzTarPerm modified mode [ 'doc/persistent.md', 436, 438 ]
321 silly gunzTarPerm extractEntry doc/scopes.md
322 silly gunzTarPerm modified mode [ 'doc/scopes.md', 436, 438 ]
323 silly gunzTarPerm extractEntry doc/script.md
324 silly gunzTarPerm modified mode [ 'doc/script.md', 436, 438 ]
325 silly gunzTarPerm extractEntry doc/string_bytes.md
326 silly gunzTarPerm modified mode [ 'doc/string_bytes.md', 436, 438 ]
327 silly gunzTarPerm extractEntry doc/v8_internals.md
328 silly gunzTarPerm modified mode [ 'doc/v8_internals.md', 436, 438 ]
329 silly gunzTarPerm extractEntry doc/v8_misc.md
330 silly gunzTarPerm modified mode [ 'doc/v8_misc.md', 436, 438 ]
331 silly gunzTarPerm extractEntry nan.h
332 silly gunzTarPerm modified mode [ 'nan.h', 436, 438 ]
333 silly gunzTarPerm extractEntry nan_callbacks.h
334 silly gunzTarPerm modified mode [ 'nan_callbacks.h', 436, 438 ]
335 silly gunzTarPerm extractEntry nan_callbacks_12_inl.h
336 silly gunzTarPerm modified mode [ 'nan_callbacks_12_inl.h', 436, 438 ]
337 silly gunzTarPerm extractEntry nan_callbacks_pre_12_inl.h
338 silly gunzTarPerm modified mode [ 'nan_callbacks_pre_12_inl.h', 436, 438 ]
339 silly gunzTarPerm extractEntry nan_converters_43_inl.h
340 silly gunzTarPerm modified mode [ 'nan_converters_43_inl.h', 436, 438 ]
341 silly gunzTarPerm extractEntry nan_converters_pre_43_inl.h
342 silly gunzTarPerm modified mode [ 'nan_converters_pre_43_inl.h', 436, 438 ]
343 silly gunzTarPerm extractEntry nan_implementation_12_inl.h
344 silly gunzTarPerm modified mode [ 'nan_implementation_12_inl.h', 436, 438 ]
345 silly gunzTarPerm extractEntry nan_implementation_pre_12_inl.h
346 silly gunzTarPerm modified mode [ 'nan_implementation_pre_12_inl.h', 436, 438 ]
347 silly gunzTarPerm extractEntry nan_maybe_43_inl.h
348 silly gunzTarPerm modified mode [ 'nan_maybe_43_inl.h', 436, 438 ]
349 silly gunzTarPerm extractEntry nan_maybe_pre_43_inl.h
350 silly gunzTarPerm modified mode [ 'nan_maybe_pre_43_inl.h', 436, 438 ]
351 silly gunzTarPerm extractEntry nan_new.h
352 silly gunzTarPerm modified mode [ 'nan_new.h', 436, 438 ]
353 silly gunzTarPerm extractEntry nan_object_wrap.h
354 silly gunzTarPerm modified mode [ 'nan_object_wrap.h', 436, 438 ]
355 silly gunzTarPerm extractEntry nan_persistent_12_inl.h
356 silly gunzTarPerm modified mode [ 'nan_persistent_12_inl.h', 436, 438 ]
357 silly gunzTarPerm extractEntry nan_persistent_pre_12_inl.h
358 silly gunzTarPerm modified mode [ 'nan_persistent_pre_12_inl.h', 436, 438 ]
359 silly gunzTarPerm extractEntry nan_string_bytes.h
360 silly gunzTarPerm modified mode [ 'nan_string_bytes.h', 436, 438 ]
361 silly gunzTarPerm extractEntry nan_typedarray_contents.h
362 silly gunzTarPerm modified mode [ 'nan_typedarray_contents.h', 436, 438 ]
363 silly gunzTarPerm extractEntry nan_weak.h
364 silly gunzTarPerm modified mode [ 'nan_weak.h', 436, 438 ]
365 silly gunzTarPerm extractEntry CHANGELOG.md
366 silly gunzTarPerm modified mode [ 'CHANGELOG.md', 436, 438 ]
367 silly gunzTarPerm extractEntry tools/package.json
368 silly gunzTarPerm modified mode [ 'tools/package.json', 436, 438 ]
369 silly gunzTarPerm extractEntry tools/README.md
370 silly gunzTarPerm modified mode [ 'tools/README.md', 436, 438 ]
371 silly gunzTarPerm extractEntry tools/1to2.js
372 silly gunzTarPerm modified mode [ 'tools/1to2.js', 509, 511 ]
373 silly gentlyRm C:\Users\Praneet\Desktop\Projects\cab-sharing\node_modules\.staging\bcrypt-a52d0c3f\node_modules is being purged
374 verbose gentlyRm don't care about contents; nuking C:\Users\Praneet\Desktop\Projects\cab-sharing\node_modules\.staging\bcrypt-a52d0c3f\node_modules
375 silly gentlyRm C:\Users\Praneet\Desktop\Projects\cab-sharing\node_modules\.staging\nan-00c6d26b\node_modules is being purged
376 verbose gentlyRm don't care about contents; nuking C:\Users\Praneet\Desktop\Projects\cab-sharing\node_modules\.staging\nan-00c6d26b\node_modules
377 silly doParallel preinstall 3
378 silly preinstall bindings@1.2.1 C:\Users\Praneet\Desktop\Projects\cab-sharing\node_modules\.staging\bindings-ce4d464e
379 info lifecycle bindings@1.2.1~preinstall: bindings@1.2.1
380 silly preinstall nan@2.3.5 C:\Users\Praneet\Desktop\Projects\cab-sharing\node_modules\.staging\nan-00c6d26b
381 info lifecycle nan@2.3.5~preinstall: nan@2.3.5
382 silly preinstall bcrypt@0.8.7 C:\Users\Praneet\Desktop\Projects\cab-sharing\node_modules\.staging\bcrypt-a52d0c3f
383 info lifecycle bcrypt@0.8.7~preinstall: bcrypt@0.8.7
384 silly lifecycle bindings@1.2.1~preinstall: no script for preinstall, continuing
385 silly lifecycle nan@2.3.5~preinstall: no script for preinstall, continuing
386 silly lifecycle bcrypt@0.8.7~preinstall: no script for preinstall, continuing
387 silly doReverseSerial remove 0
388 silly doSerial move 0
389 silly doSerial finalize 3
390 silly finalize C:\Users\Praneet\Desktop\Projects\cab-sharing\node_modules\bindings
391 silly finalize C:\Users\Praneet\Desktop\Projects\cab-sharing\node_modules\nan
392 silly finalize C:\Users\Praneet\Desktop\Projects\cab-sharing\node_modules\bcrypt
393 silly doSerial build 3
394 silly build bindings@1.2.1
395 info linkStuff bindings@1.2.1
396 silly linkStuff bindings@1.2.1 has C:\Users\Praneet\Desktop\Projects\cab-sharing\node_modules as its parent node_modules
397 verbose linkBins bindings@1.2.1
398 verbose linkMans bindings@1.2.1
399 silly build nan@2.3.5
400 info linkStuff nan@2.3.5
401 silly linkStuff nan@2.3.5 has C:\Users\Praneet\Desktop\Projects\cab-sharing\node_modules as its parent node_modules
402 verbose linkBins nan@2.3.5
403 verbose linkMans nan@2.3.5
404 silly build bcrypt@0.8.7
405 info linkStuff bcrypt@0.8.7
406 silly linkStuff bcrypt@0.8.7 has C:\Users\Praneet\Desktop\Projects\cab-sharing\node_modules as its parent node_modules
407 verbose linkBins bcrypt@0.8.7
408 verbose linkMans bcrypt@0.8.7
409 silly doSerial global-link 0
410 silly doParallel update-linked 0
411 silly doSerial install 3
412 silly install bindings@1.2.1 C:\Users\Praneet\Desktop\Projects\cab-sharing\node_modules\.staging\bindings-ce4d464e
413 info lifecycle bindings@1.2.1~install: bindings@1.2.1
414 silly lifecycle bindings@1.2.1~install: no script for install, continuing
415 silly install nan@2.3.5 C:\Users\Praneet\Desktop\Projects\cab-sharing\node_modules\.staging\nan-00c6d26b
416 info lifecycle nan@2.3.5~install: nan@2.3.5
417 silly lifecycle nan@2.3.5~install: no script for install, continuing
418 silly install bcrypt@0.8.7 C:\Users\Praneet\Desktop\Projects\cab-sharing\node_modules\.staging\bcrypt-a52d0c3f
419 info lifecycle bcrypt@0.8.7~install: bcrypt@0.8.7
420 verbose lifecycle bcrypt@0.8.7~install: unsafe-perm in lifecycle true
421 verbose lifecycle bcrypt@0.8.7~install: PATH: C:\Users\Praneet\AppData\Roaming\npm\node_modules\npm\bin\node-gyp-bin;C:\Users\Praneet\Desktop\Projects\cab-sharing\node_modules\bcrypt\node_modules\.bin;C:\Users\Praneet\Desktop\Projects\cab-sharing\node_modules\.bin;C:\Program Files\nodejs;C:\WINDOWS\system32;C:\WINDOWS;C:\WINDOWS\System32\Wbem;C:\WINDOWS\System32\WindowsPowerShell\v1.0\;C:\Program Files\Intel\WiFi\bin\;C:\Program Files\Common Files\Intel\WirelessCommon\;C:\Program Files (x86)\Brackets\command;C:\Program Files\Git\cmd;C:\Program Files\nodejs\;C:\Program Files\Intel\WiFi\bin\;C:\Program Files\Common Files\Intel\WirelessCommon\;C:\Users\Praneet\AppData\Roaming\npm;C:\Users\Praneet\AppData\Local\atom\bin;C:\Program Files\MongoDB\Server\3.2\bin
422 verbose lifecycle bcrypt@0.8.7~install: CWD: C:\Users\Praneet\Desktop\Projects\cab-sharing\node_modules\bcrypt
423 silly lifecycle bcrypt@0.8.7~install: Args: [ '/d /s /c', 'node-gyp rebuild' ]
424 silly lifecycle bcrypt@0.8.7~install: Returned: code: 1  signal: null
425 info lifecycle bcrypt@0.8.7~install: Failed to exec install script
426 verbose unlock done using C:\Users\Praneet\AppData\Roaming\npm-cache\_locks\staging-7ec24fd8f3849390.lock for C:\Users\Praneet\Desktop\Projects\cab-sharing\node_modules\.staging
427 silly rollbackFailedOptional Starting
428 silly rollbackFailedOptional Finishing
429 silly runTopLevelLifecycles Starting
430 silly runTopLevelLifecycles Finishing
431 silly install printInstalled
432 verbose stack Error: bcrypt@0.8.7 install: `node-gyp rebuild`
432 verbose stack Exit status 1
432 verbose stack     at EventEmitter.<anonymous> (C:\Users\Praneet\AppData\Roaming\npm\node_modules\npm\lib\utils\lifecycle.js:242:16)
432 verbose stack     at emitTwo (events.js:106:13)
432 verbose stack     at EventEmitter.emit (events.js:191:7)
432 verbose stack     at ChildProcess.<anonymous> (C:\Users\Praneet\AppData\Roaming\npm\node_modules\npm\lib\utils\spawn.js:40:14)
432 verbose stack     at emitTwo (events.js:106:13)
432 verbose stack     at ChildProcess.emit (events.js:191:7)
432 verbose stack     at maybeClose (internal/child_process.js:852:16)
432 verbose stack     at Process.ChildProcess._handle.onexit (internal/child_process.js:215:5)
433 verbose pkgid bcrypt@0.8.7
434 verbose cwd C:\Users\Praneet\Desktop\Projects\cab-sharing
435 error Windows_NT 10.0.10586
436 error argv "C:\\Program Files\\nodejs\\node.exe" "C:\\Users\\Praneet\\AppData\\Roaming\\npm\\node_modules\\npm\\bin\\npm-cli.js" "install" "--save" "bcrypt"
437 error node v6.3.0
438 error npm  v3.10.2
439 error code ELIFECYCLE
440 error bcrypt@0.8.7 install: `node-gyp rebuild`
440 error Exit status 1
441 error Failed at the bcrypt@0.8.7 install script 'node-gyp rebuild'.
441 error Make sure you have the latest version of node.js and npm installed.
441 error If you do, this is most likely a problem with the bcrypt package,
441 error not with npm itself.
441 error Tell the author that this fails on your system:
441 error     node-gyp rebuild
441 error You can get information on how to open an issue for this project with:
441 error     npm bugs bcrypt
441 error Or if that isn't available, you can get their info via:
441 error     npm owner ls bcrypt
441 error There is likely additional logging output above.
442 verbose exit [ 1, true ]
